<?xml version="1.0" encoding="UTF-8"?>
<!-- Generated by org.testng.reporters.JUnitXMLReporter -->
<testsuite hostname="CAOT-ELAINED-L" ignored="0" name="Default test" tests="3" failures="0" timestamp="10 Sep 2018 17:53:32 GMT" time="13.799" errors="0">
  <testcase name="readTerms" time="1.192" classname="firsttestngpackage.FirstTestNGFile"/>
  <testcase name="forgotAccount" time="0.728" classname="firsttestngpackage.FirstTestNGFile"/>
  <testcase name="createAPage" time="0.948" classname="firsttestngpackage.FirstTestNGFile"/>
</testsuite> <!-- Default test -->
